Nov 16, 2018 10:46:05 AM org.apache.catalina.startup.VersionLoggerListener log
INFO: Server version:        Apache Tomcat (TomEE)/7.0.81 (1.7.5)
Nov 16, 2018 10:46:05 AM org.apache.catalina.startup.VersionLoggerListener log
INFO: Server built:          Aug 11 2017 10:21:27 UTC
Nov 16, 2018 10:46:05 AM org.apache.catalina.startup.VersionLoggerListener log
INFO: Server number:         7.0.81.0
Nov 16, 2018 10:46:05 AM org.apache.catalina.startup.VersionLoggerListener log
INFO: OS Name:               Windows 10
Nov 16, 2018 10:46:05 AM org.apache.catalina.startup.VersionLoggerListener log
INFO: OS Version:            10.0
Nov 16, 2018 10:46:05 AM org.apache.catalina.startup.VersionLoggerListener log
INFO: Architecture:          amd64
Nov 16, 2018 10:46:05 AM org.apache.catalina.startup.VersionLoggerListener log
INFO: Java Home:             C:\Program Files\Java\jre1.8.0_191
Nov 16, 2018 10:46:05 AM org.apache.catalina.startup.VersionLoggerListener log
INFO: JVM Version:           1.8.0_191-b12
Nov 16, 2018 10:46:05 AM org.apache.catalina.startup.VersionLoggerListener log
INFO: JVM Vendor:            Oracle Corporation
Nov 16, 2018 10:46:05 AM org.apache.catalina.startup.VersionLoggerListener log
INFO: CATALINA_BASE:         C:\Users\brandon.naidoo\Documents\Applications\apache-maven-3.6.0-bin\apache-maven-3.6.0\bin\address-manager\application\target\apache-tomee
Nov 16, 2018 10:46:05 AM org.apache.catalina.startup.VersionLoggerListener log
INFO: CATALINA_HOME:         C:\Users\brandon.naidoo\Documents\Applications\apache-maven-3.6.0-bin\apache-maven-3.6.0\bin\address-manager\application\target\apache-tomee
Nov 16, 2018 10:46:05 AM org.apache.catalina.startup.VersionLoggerListener log
INFO: Command line argument: -XX:+HeapDumpOnOutOfMemoryError
Nov 16, 2018 10:46:05 AM org.apache.catalina.startup.VersionLoggerListener log
INFO: Command line argument: -Dorg.apache.catalina.STRICT_SERVLET_COMPLIANCE=false
Nov 16, 2018 10:46:05 AM org.apache.catalina.startup.VersionLoggerListener log
INFO: Command line argument: -Dopenejb.session.manager=org.apache.tomee.catalina.session.QuickSessionManager
Nov 16, 2018 10:46:05 AM org.apache.catalina.startup.VersionLoggerListener log
INFO: Command line argument: -Dtomee.remote.support=true
Nov 16, 2018 10:46:05 AM org.apache.catalina.startup.VersionLoggerListener log
INFO: Command line argument: -Dopenejb.system.apps=false
Nov 16, 2018 10:46:05 AM org.apache.catalina.startup.VersionLoggerListener log
INFO: Command line argument: -Djava.util.logging.config.file=C:\Users\brandon.naidoo\Documents\Applications\apache-maven-3.6.0-bin\apache-maven-3.6.0\bin\address-manager\application\target\apache-tomee\conf\logging.properties
Nov 16, 2018 10:46:05 AM org.apache.catalina.startup.VersionLoggerListener log
INFO: Command line argument: -javaagent:C:\Users\brandon.naidoo\Documents\Applications\apache-maven-3.6.0-bin\apache-maven-3.6.0\bin\address-manager\application\target\apache-tomee\lib\openejb-javaagent.jar
Nov 16, 2018 10:46:05 AM org.apache.catalina.startup.VersionLoggerListener log
INFO: Command line argument: -Djava.util.logging.manager=org.apache.juli.ClassLoaderLogManager
Nov 16, 2018 10:46:05 AM org.apache.catalina.startup.VersionLoggerListener log
INFO: Command line argument: -Djava.io.tmpdir=C:\Users\brandon.naidoo\Documents\Applications\apache-maven-3.6.0-bin\apache-maven-3.6.0\bin\address-manager\application\target\apache-tomee\temp
Nov 16, 2018 10:46:05 AM org.apache.catalina.startup.VersionLoggerListener log
INFO: Command line argument: -Djava.endorsed.dirs=C:\Users\brandon.naidoo\Documents\Applications\apache-maven-3.6.0-bin\apache-maven-3.6.0\bin\address-manager\application\target\apache-tomee\endorsed
Nov 16, 2018 10:46:05 AM org.apache.catalina.startup.VersionLoggerListener log
INFO: Command line argument: -Dcatalina.base=C:\Users\brandon.naidoo\Documents\Applications\apache-maven-3.6.0-bin\apache-maven-3.6.0\bin\address-manager\application\target\apache-tomee
Nov 16, 2018 10:46:05 AM org.apache.catalina.startup.VersionLoggerListener log
INFO: Command line argument: -Dcatalina.home=C:\Users\brandon.naidoo\Documents\Applications\apache-maven-3.6.0-bin\apache-maven-3.6.0\bin\address-manager\application\target\apache-tomee
Nov 16, 2018 10:46:05 AM org.apache.catalina.startup.VersionLoggerListener log
INFO: Command line argument: -Dcatalina.ext.dirs=C:\Users\brandon.naidoo\Documents\Applications\apache-maven-3.6.0-bin\apache-maven-3.6.0\bin\address-manager\application\target\apache-tomee\lib
Nov 16, 2018 10:46:05 AM org.apache.catalina.startup.VersionLoggerListener log
INFO: Command line argument: -Dorg.apache.tomcat.util.http.ServerCookie.ALLOW_HTTP_SEPARATORS_IN_V0=true
Nov 16, 2018 10:46:05 AM org.apache.catalina.startup.VersionLoggerListener log
INFO: Command line argument: -ea
Nov 16, 2018 10:46:05 AM org.apache.catalina.core.AprLifecycleListener lifecycleEvent
INFO: The APR based Apache Tomcat Native library which allows optimal performance in production environments was not found on the java.library.path: C:\Program Files\Java\jre1.8.0_191\bin;C:\WINDOWS\Sun\Java\bin;C:\WINDOWS\system32;C:\WINDOWS;C:\Program Files (x86)\Common Files\Oracle\Java\javapath;C:\ProgramData\Oracle\Java\javapath;C:\WINDOWS\system32;C:\WINDOWS;C:\WINDOWS\System32\Wbem;C:\WINDOWS\System32\WindowsPowerShell\v1.0\;C:\Program Files\PuTTY\;C:\Program Files (x86)\WinSCP\;C:\Program Files\Git\cmd;C:\Program Files\Java\jdk1.8.0_151\bin;C:\Users\brandon.naidoo\sapjco30P_17-10005326\sapjco3-NTAMD64-3.0.17;C:\Program Files\Apache Software Foundation\Tomcat 8.5;C:\Program Files (x86)\Microsoft SQL Server\Client SDK\ODBC\130\Tools\Binn\;C:\Program Files (x86)\Microsoft SQL Server\140\Tools\Binn\;C:\Program Files (x86)\Microsoft SQL Server\140\DTS\Binn\;C:\Program Files (x86)\Microsoft SQL Server\140\Tools\Binn\ManagementStudio\;C:\Program Files\nodejs\;C:\Program Files\dotnet\;C:\Program Files\Microsoft SQL Server\130\Tools\Binn\;C:\Users\brandon.naidoo\Documents\Applications\apache-maven-3.6.0-bin\apache-maven-3.6.0\bin;C:\Users\brandon.naidoo\AppData\Local\Microsoft\WindowsApps;C:\Users\brandon.naidoo\AppData\Local\GitHubDesktop\bin;C:\Users\brandon.naidoo\AppData\Local\Programs\Microsoft VS Code\bin;C:\Users\brandon.naidoo\AppData\Roaming\npm;C:\Users\brandon.naidoo\.dotnet\tools;;.
Nov 16, 2018 10:46:05 AM org.apache.coyote.AbstractProtocol init
INFO: Initializing ProtocolHandler ["http-bio-8080"]
Nov 16, 2018 10:46:05 AM org.apache.coyote.AbstractProtocol init
INFO: Initializing ProtocolHandler ["ajp-bio-8009"]
Nov 16, 2018 10:46:06 AM org.apache.openejb.util.OptionsLog info
INFO: Using 'tomee.remote.support=true'
Nov 16, 2018 10:46:06 AM org.apache.openejb.util.OptionsLog info
INFO: Using 'openejb.jdbc.datasource-creator=org.apache.tomee.jdbc.TomEEDataSourceCreator'
Nov 16, 2018 10:46:06 AM org.apache.openejb.OpenEJB$Instance <init>
INFO: ********************************************************************************
Nov 16, 2018 10:46:06 AM org.apache.openejb.OpenEJB$Instance <init>
INFO: OpenEJB http://tomee.apache.org/
Nov 16, 2018 10:46:06 AM org.apache.openejb.OpenEJB$Instance <init>
INFO: Startup: Fri Nov 16 10:46:06 CAT 2018
Nov 16, 2018 10:46:06 AM org.apache.openejb.OpenEJB$Instance <init>
INFO: Copyright 1999-2015 (C) Apache OpenEJB/TomEE Project, All Rights Reserved.
Nov 16, 2018 10:46:06 AM org.apache.openejb.OpenEJB$Instance <init>
INFO: Version: 4.7.5
Nov 16, 2018 10:46:06 AM org.apache.openejb.OpenEJB$Instance <init>
INFO: Build date: 20170927
Nov 16, 2018 10:46:06 AM org.apache.openejb.OpenEJB$Instance <init>
INFO: Build time: 12:02
Nov 16, 2018 10:46:06 AM org.apache.openejb.OpenEJB$Instance <init>
INFO: ********************************************************************************
Nov 16, 2018 10:46:06 AM org.apache.openejb.OpenEJB$Instance <init>
INFO: openejb.home = C:\Users\brandon.naidoo\Documents\Applications\apache-maven-3.6.0-bin\apache-maven-3.6.0\bin\address-manager\application\target\apache-tomee
Nov 16, 2018 10:46:06 AM org.apache.openejb.OpenEJB$Instance <init>
INFO: openejb.base = C:\Users\brandon.naidoo\Documents\Applications\apache-maven-3.6.0-bin\apache-maven-3.6.0\bin\address-manager\application\target\apache-tomee
Nov 16, 2018 10:46:06 AM org.apache.openejb.cdi.CdiBuilder initializeOWB
INFO: Created new singletonService org.apache.openejb.cdi.ThreadSingletonServiceImpl@51b279c9
Nov 16, 2018 10:46:06 AM org.apache.openejb.cdi.CdiBuilder initializeOWB
INFO: Succeeded in installing singleton service
Nov 16, 2018 10:46:06 AM org.apache.openejb.config.ConfigurationFactory init
INFO: openejb configuration file is 'C:\Users\brandon.naidoo\Documents\Applications\apache-maven-3.6.0-bin\apache-maven-3.6.0\bin\address-manager\application\target\apache-tomee\conf\tomee.xml'
Nov 16, 2018 10:46:07 AM org.apache.openejb.config.ConfigurationFactory configureService
INFO: Configuring Service(id=Tomcat Security Service, type=SecurityService, provider-id=Tomcat Security Service)
Nov 16, 2018 10:46:07 AM org.apache.openejb.config.ConfigurationFactory configureService
INFO: Configuring Service(id=Default Transaction Manager, type=TransactionManager, provider-id=Default Transaction Manager)
Nov 16, 2018 10:46:07 AM org.apache.openejb.util.OptionsLog info
INFO: Using 'openejb.system.apps=false'
Nov 16, 2018 10:46:07 AM org.apache.openejb.util.OptionsLog info
INFO: Using 'openejb.deployments.classpath=false'
Nov 16, 2018 10:46:07 AM org.apache.openejb.assembler.classic.Assembler createRecipe
INFO: Creating TransactionManager(id=Default Transaction Manager)
Nov 16, 2018 10:46:07 AM org.apache.openejb.assembler.classic.Assembler createRecipe
INFO: Creating SecurityService(id=Tomcat Security Service)
Nov 16, 2018 10:46:07 AM org.apache.openejb.server.ServiceManager initServer
INFO: Creating ServerService(id=cxf-rs)
Nov 16, 2018 10:46:07 AM org.apache.openejb.server.SimpleServiceManager start
INFO:   ** Bound Services **
Nov 16, 2018 10:46:07 AM org.apache.openejb.server.SimpleServiceManager printRow
INFO:   NAME                 IP              PORT  
Nov 16, 2018 10:46:07 AM org.apache.openejb.server.SimpleServiceManager start
INFO: -------
Nov 16, 2018 10:46:07 AM org.apache.openejb.server.SimpleServiceManager start
INFO: Ready!
Nov 16, 2018 10:46:07 AM org.apache.catalina.startup.Catalina load
INFO: Initialization processed in 3286 ms
Nov 16, 2018 10:46:07 AM org.apache.tomee.catalina.OpenEJBNamingContextListener bindResource
INFO: Importing a Tomcat Resource with id 'UserDatabase' of type 'org.apache.catalina.UserDatabase'.
Nov 16, 2018 10:46:07 AM org.apache.openejb.assembler.classic.Assembler createRecipe
INFO: Creating Resource(id=UserDatabase)
Nov 16, 2018 10:46:07 AM org.apache.catalina.core.StandardService startInternal
INFO: Starting service Catalina
Nov 16, 2018 10:46:07 AM org.apache.catalina.core.StandardEngine startInternal
INFO: Starting Servlet Engine: Apache Tomcat (TomEE)/7.0.81 (1.7.5)
Nov 16, 2018 10:46:07 AM org.apache.catalina.startup.HostConfig deployWAR
INFO: Deploying web application archive C:\Users\brandon.naidoo\Documents\Applications\apache-maven-3.6.0-bin\apache-maven-3.6.0\bin\address-manager\application\target\apache-tomee\webapps\ROOT.war
Nov 16, 2018 10:46:07 AM org.apache.tomee.catalina.TomcatWebAppBuilder init
INFO: ------------------------- localhost -> /
Nov 16, 2018 10:46:07 AM org.apache.openejb.util.JarExtractor extract
INFO: Extracting jar: C:\Users\brandon.naidoo\Documents\Applications\apache-maven-3.6.0-bin\apache-maven-3.6.0\bin\address-manager\application\target\apache-tomee\webapps\ROOT.war
Nov 16, 2018 10:46:08 AM org.apache.openejb.util.JarExtractor extract
INFO: Extracted path: C:\Users\brandon.naidoo\Documents\Applications\apache-maven-3.6.0-bin\apache-maven-3.6.0\bin\address-manager\application\target\apache-tomee\webapps\ROOT
Nov 16, 2018 10:46:08 AM org.apache.openejb.util.OptionsLog info
INFO: Using 'openejb.session.manager=org.apache.tomee.catalina.session.QuickSessionManager'
Nov 16, 2018 10:46:11 AM org.apache.openejb.config.ConfigurationFactory configureApplication
INFO: Configuring enterprise application: C:\Users\brandon.naidoo\Documents\Applications\apache-maven-3.6.0-bin\apache-maven-3.6.0\bin\address-manager\application\target\apache-tomee\webapps\ROOT
Nov 16, 2018 10:46:11 AM org.apache.openejb.config.ConfigurationFactory configureService
INFO: Configuring Service(id=Default Managed Container, type=Container, provider-id=Default Managed Container)
Nov 16, 2018 10:46:11 AM org.apache.openejb.config.AutoConfig createContainer
INFO: Auto-creating a container for bean .Comp1544019244: Container(type=MANAGED, id=Default Managed Container)
Nov 16, 2018 10:46:11 AM org.apache.openejb.assembler.classic.Assembler createRecipe
INFO: Creating Container(id=Default Managed Container)
Nov 16, 2018 10:46:12 AM org.apache.openejb.core.managed.SimplePassivater init
INFO: Using directory C:\Users\brandon.naidoo\Documents\Applications\apache-maven-3.6.0-bin\apache-maven-3.6.0\bin\address-manager\application\target\apache-tomee\temp for stateful session passivation
Nov 16, 2018 10:46:12 AM org.apache.openejb.config.AppInfoBuilder build
INFO: Enterprise application "C:\Users\brandon.naidoo\Documents\Applications\apache-maven-3.6.0-bin\apache-maven-3.6.0\bin\address-manager\application\target\apache-tomee\webapps\ROOT" loaded.
Nov 16, 2018 10:46:12 AM org.apache.openejb.assembler.classic.Assembler createApplication
INFO: Assembling app: C:\Users\brandon.naidoo\Documents\Applications\apache-maven-3.6.0-bin\apache-maven-3.6.0\bin\address-manager\application\target\apache-tomee\webapps\ROOT
Nov 16, 2018 10:46:12 AM org.apache.openejb.cdi.CdiBuilder initSingleton
INFO: Existing thread singleton service in SystemInstance(): org.apache.openejb.cdi.ThreadSingletonServiceImpl@51b279c9
Nov 16, 2018 10:46:13 AM org.apache.openejb.cdi.OpenEJBLifecycle startApplication
INFO: OpenWebBeans Container is starting...
Nov 16, 2018 10:46:13 AM org.apache.webbeans.plugins.PluginLoader startUp
INFO: Adding OpenWebBeansPlugin : [CdiPlugin]
Nov 16, 2018 10:46:13 AM org.apache.webbeans.plugins.PluginLoader startUp
INFO: Adding OpenWebBeansPlugin : [OpenWebBeansJsfPlugin]
Nov 16, 2018 10:46:24 AM org.apache.webbeans.config.BeansDeployer deploySingleAnnotatedType
INFO: Skipping deployment of Class class com.sap.cloud.sdk.cloudplatform.auditlog.ScpCfAuditLogdue to a NoClassDefFoundError: com/sap/xs/audit/api/exception/AuditLogNotAvailableException
Nov 16, 2018 10:46:26 AM org.apache.webbeans.config.BeansDeployer validateInjectionPoints
INFO: All injection points were validated successfully.
Nov 16, 2018 10:46:26 AM org.apache.openejb.cdi.OpenEJBLifecycle startApplication
INFO: OpenWebBeans Container has started, it took 13085 ms.
Nov 16, 2018 10:46:26 AM org.apache.openejb.assembler.classic.Assembler createApplication
INFO: Deployed Application(path=C:\Users\brandon.naidoo\Documents\Applications\apache-maven-3.6.0-bin\apache-maven-3.6.0\bin\address-manager\application\target\apache-tomee\webapps\ROOT)
Nov 16, 2018 10:46:27 AM org.apache.catalina.startup.HostConfig deployWAR
INFO: Deployment of web application archive C:\Users\brandon.naidoo\Documents\Applications\apache-maven-3.6.0-bin\apache-maven-3.6.0\bin\address-manager\application\target\apache-tomee\webapps\ROOT.war has finished in 19,743 ms
Nov 16, 2018 10:46:27 AM org.apache.coyote.AbstractProtocol start
INFO: Starting ProtocolHandler ["http-bio-8080"]
Nov 16, 2018 10:46:27 AM org.apache.coyote.AbstractProtocol start
INFO: Starting ProtocolHandler ["ajp-bio-8009"]
Nov 16, 2018 10:46:27 AM org.apache.catalina.startup.Catalina start
INFO: Server startup in 19966 ms
Nov 16, 2018 10:46:27 AM org.apache.catalina.core.StandardServer await
SEVERE: StandardServer.await: create[localhost:8005]: 
java.net.BindException: Address already in use: JVM_Bind
	at java.net.DualStackPlainSocketImpl.bind0(Native Method)
	at java.net.DualStackPlainSocketImpl.socketBind(Unknown Source)
	at java.net.AbstractPlainSocketImpl.bind(Unknown Source)
	at java.net.PlainSocketImpl.bind(Unknown Source)
	at java.net.ServerSocket.bind(Unknown Source)
	at java.net.ServerSocket.<init>(Unknown Source)
	at org.apache.catalina.core.StandardServer.await(StandardServer.java:444)
	at org.apache.catalina.startup.Catalina.await(Catalina.java:782)
	at org.apache.catalina.startup.Catalina.start(Catalina.java:728)
	at sun.reflect.NativeMethodAccessorImpl.invoke0(Native Method)
	at sun.reflect.NativeMethodAccessorImpl.invoke(Unknown Source)
	at sun.reflect.DelegatingMethodAccessorImpl.invoke(Unknown Source)
	at java.lang.reflect.Method.invoke(Unknown Source)
	at org.apache.catalina.startup.Bootstrap.start(Bootstrap.java:294)
	at org.apache.catalina.startup.Bootstrap.main(Bootstrap.java:428)

Nov 16, 2018 10:46:27 AM org.apache.coyote.AbstractProtocol pause
INFO: Pausing ProtocolHandler ["http-bio-8080"]
Nov 16, 2018 10:46:27 AM org.apache.coyote.AbstractProtocol pause
INFO: Pausing ProtocolHandler ["ajp-bio-8009"]
Nov 16, 2018 10:46:27 AM org.apache.catalina.core.StandardService stopInternal
INFO: Stopping service Catalina
Nov 16, 2018 10:46:27 AM org.apache.openejb.assembler.classic.Assembler destroyApplication
INFO: Undeploying app: C:\Users\brandon.naidoo\Documents\Applications\apache-maven-3.6.0-bin\apache-maven-3.6.0\bin\address-manager\application\target\apache-tomee\webapps\ROOT
Nov 16, 2018 10:46:28 AM org.apache.openejb.util.OptionsLog info
INFO: Using 'openjpa.Log=org.apache.openejb.openjpa.JULOpenJPALogFactory'
Nov 16, 2018 10:46:28 AM org.apache.openejb.assembler.classic.Assembler destroyApplication
INFO: Undeployed app: C:\Users\brandon.naidoo\Documents\Applications\apache-maven-3.6.0-bin\apache-maven-3.6.0\bin\address-manager\application\target\apache-tomee\webapps\ROOT
Nov 16, 2018 10:46:28 AM org.apache.catalina.loader.WebappClassLoaderBase checkThreadLocalMapForLeaks
SEVERE: The web application [] created a ThreadLocal with key of type [com.netflix.hystrix.Hystrix$1] (value [com.netflix.hystrix.Hystrix$1@568d139b]) and a value of type [com.netflix.hystrix.Hystrix.ConcurrentStack] (value [com.netflix.hystrix.Hystrix$ConcurrentStack@396bccc7]) but failed to remove it when the web application was stopped. Threads are going to be renewed over time to try and avoid a probable memory leak.
Nov 16, 2018 10:46:28 AM org.apache.coyote.AbstractProtocol stop
INFO: Stopping ProtocolHandler ["http-bio-8080"]
Nov 16, 2018 10:46:28 AM org.apache.coyote.AbstractProtocol stop
INFO: Stopping ProtocolHandler ["ajp-bio-8009"]
Nov 16, 2018 10:46:28 AM org.apache.openejb.server.SimpleServiceManager stop
INFO: Stopping server services
Nov 16, 2018 10:46:28 AM org.apache.coyote.AbstractProtocol destroy
INFO: Destroying ProtocolHandler ["http-bio-8080"]
Nov 16, 2018 10:46:28 AM org.apache.coyote.AbstractProtocol destroy
INFO: Destroying ProtocolHandler ["ajp-bio-8009"]
Nov 16, 2018 10:48:55 AM org.apache.catalina.startup.VersionLoggerListener log
INFO: Server version:        Apache Tomcat (TomEE)/7.0.81 (1.7.5)
Nov 16, 2018 10:48:55 AM org.apache.catalina.startup.VersionLoggerListener log
INFO: Server built:          Aug 11 2017 10:21:27 UTC
Nov 16, 2018 10:48:55 AM org.apache.catalina.startup.VersionLoggerListener log
INFO: Server number:         7.0.81.0
Nov 16, 2018 10:48:55 AM org.apache.catalina.startup.VersionLoggerListener log
INFO: OS Name:               Windows 10
Nov 16, 2018 10:48:55 AM org.apache.catalina.startup.VersionLoggerListener log
INFO: OS Version:            10.0
Nov 16, 2018 10:48:55 AM org.apache.catalina.startup.VersionLoggerListener log
INFO: Architecture:          amd64
Nov 16, 2018 10:48:55 AM org.apache.catalina.startup.VersionLoggerListener log
INFO: Java Home:             C:\Program Files\Java\jre1.8.0_191
Nov 16, 2018 10:48:55 AM org.apache.catalina.startup.VersionLoggerListener log
INFO: JVM Version:           1.8.0_191-b12
Nov 16, 2018 10:48:55 AM org.apache.catalina.startup.VersionLoggerListener log
INFO: JVM Vendor:            Oracle Corporation
Nov 16, 2018 10:48:55 AM org.apache.catalina.startup.VersionLoggerListener log
INFO: CATALINA_BASE:         C:\Users\brandon.naidoo\Documents\Applications\apache-maven-3.6.0-bin\apache-maven-3.6.0\bin\address-manager\application\target\apache-tomee
Nov 16, 2018 10:48:55 AM org.apache.catalina.startup.VersionLoggerListener log
INFO: CATALINA_HOME:         C:\Users\brandon.naidoo\Documents\Applications\apache-maven-3.6.0-bin\apache-maven-3.6.0\bin\address-manager\application\target\apache-tomee
Nov 16, 2018 10:48:55 AM org.apache.catalina.startup.VersionLoggerListener log
INFO: Command line argument: -XX:+HeapDumpOnOutOfMemoryError
Nov 16, 2018 10:48:55 AM org.apache.catalina.startup.VersionLoggerListener log
INFO: Command line argument: -Dorg.apache.catalina.STRICT_SERVLET_COMPLIANCE=false
Nov 16, 2018 10:48:55 AM org.apache.catalina.startup.VersionLoggerListener log
INFO: Command line argument: -Dopenejb.session.manager=org.apache.tomee.catalina.session.QuickSessionManager
Nov 16, 2018 10:48:55 AM org.apache.catalina.startup.VersionLoggerListener log
INFO: Command line argument: -Dtomee.remote.support=true
Nov 16, 2018 10:48:55 AM org.apache.catalina.startup.VersionLoggerListener log
INFO: Command line argument: -Dopenejb.system.apps=false
Nov 16, 2018 10:48:55 AM org.apache.catalina.startup.VersionLoggerListener log
INFO: Command line argument: -Djava.util.logging.config.file=C:\Users\brandon.naidoo\Documents\Applications\apache-maven-3.6.0-bin\apache-maven-3.6.0\bin\address-manager\application\target\apache-tomee\conf\logging.properties
Nov 16, 2018 10:48:55 AM org.apache.catalina.startup.VersionLoggerListener log
INFO: Command line argument: -javaagent:C:\Users\brandon.naidoo\Documents\Applications\apache-maven-3.6.0-bin\apache-maven-3.6.0\bin\address-manager\application\target\apache-tomee\lib\openejb-javaagent.jar
Nov 16, 2018 10:48:55 AM org.apache.catalina.startup.VersionLoggerListener log
INFO: Command line argument: -Djava.util.logging.manager=org.apache.juli.ClassLoaderLogManager
Nov 16, 2018 10:48:55 AM org.apache.catalina.startup.VersionLoggerListener log
INFO: Command line argument: -Djava.io.tmpdir=C:\Users\brandon.naidoo\Documents\Applications\apache-maven-3.6.0-bin\apache-maven-3.6.0\bin\address-manager\application\target\apache-tomee\temp
Nov 16, 2018 10:48:55 AM org.apache.catalina.startup.VersionLoggerListener log
INFO: Command line argument: -Djava.endorsed.dirs=C:\Users\brandon.naidoo\Documents\Applications\apache-maven-3.6.0-bin\apache-maven-3.6.0\bin\address-manager\application\target\apache-tomee\endorsed
Nov 16, 2018 10:48:55 AM org.apache.catalina.startup.VersionLoggerListener log
INFO: Command line argument: -Dcatalina.base=C:\Users\brandon.naidoo\Documents\Applications\apache-maven-3.6.0-bin\apache-maven-3.6.0\bin\address-manager\application\target\apache-tomee
Nov 16, 2018 10:48:55 AM org.apache.catalina.startup.VersionLoggerListener log
INFO: Command line argument: -Dcatalina.home=C:\Users\brandon.naidoo\Documents\Applications\apache-maven-3.6.0-bin\apache-maven-3.6.0\bin\address-manager\application\target\apache-tomee
Nov 16, 2018 10:48:55 AM org.apache.catalina.startup.VersionLoggerListener log
INFO: Command line argument: -Dcatalina.ext.dirs=C:\Users\brandon.naidoo\Documents\Applications\apache-maven-3.6.0-bin\apache-maven-3.6.0\bin\address-manager\application\target\apache-tomee\lib
Nov 16, 2018 10:48:55 AM org.apache.catalina.startup.VersionLoggerListener log
INFO: Command line argument: -Dorg.apache.tomcat.util.http.ServerCookie.ALLOW_HTTP_SEPARATORS_IN_V0=true
Nov 16, 2018 10:48:55 AM org.apache.catalina.startup.VersionLoggerListener log
INFO: Command line argument: -ea
Nov 16, 2018 10:48:55 AM org.apache.catalina.core.AprLifecycleListener lifecycleEvent
INFO: The APR based Apache Tomcat Native library which allows optimal performance in production environments was not found on the java.library.path: C:\Program Files\Java\jre1.8.0_191\bin;C:\WINDOWS\Sun\Java\bin;C:\WINDOWS\system32;C:\WINDOWS;C:\Program Files (x86)\Common Files\Oracle\Java\javapath;C:\ProgramData\Oracle\Java\javapath;C:\WINDOWS\system32;C:\WINDOWS;C:\WINDOWS\System32\Wbem;C:\WINDOWS\System32\WindowsPowerShell\v1.0\;C:\Program Files\PuTTY\;C:\Program Files (x86)\WinSCP\;C:\Program Files\Git\cmd;C:\Program Files\Java\jdk1.8.0_151\bin;C:\Users\brandon.naidoo\sapjco30P_17-10005326\sapjco3-NTAMD64-3.0.17;C:\Program Files\Apache Software Foundation\Tomcat 8.5;C:\Program Files (x86)\Microsoft SQL Server\Client SDK\ODBC\130\Tools\Binn\;C:\Program Files (x86)\Microsoft SQL Server\140\Tools\Binn\;C:\Program Files (x86)\Microsoft SQL Server\140\DTS\Binn\;C:\Program Files (x86)\Microsoft SQL Server\140\Tools\Binn\ManagementStudio\;C:\Program Files\nodejs\;C:\Program Files\dotnet\;C:\Program Files\Microsoft SQL Server\130\Tools\Binn\;C:\Users\brandon.naidoo\Documents\Applications\apache-maven-3.6.0-bin\apache-maven-3.6.0\bin;C:\Users\brandon.naidoo\AppData\Local\Microsoft\WindowsApps;C:\Users\brandon.naidoo\AppData\Local\GitHubDesktop\bin;C:\Users\brandon.naidoo\AppData\Local\Programs\Microsoft VS Code\bin;C:\Users\brandon.naidoo\AppData\Roaming\npm;C:\Users\brandon.naidoo\.dotnet\tools;;.
Nov 16, 2018 10:48:55 AM org.apache.coyote.AbstractProtocol init
INFO: Initializing ProtocolHandler ["http-bio-8080"]
Nov 16, 2018 10:48:55 AM org.apache.coyote.AbstractProtocol init
INFO: Initializing ProtocolHandler ["ajp-bio-8009"]
Nov 16, 2018 10:48:56 AM org.apache.openejb.util.OptionsLog info
INFO: Using 'tomee.remote.support=true'
Nov 16, 2018 10:48:56 AM org.apache.openejb.util.OptionsLog info
INFO: Using 'openejb.jdbc.datasource-creator=org.apache.tomee.jdbc.TomEEDataSourceCreator'
Nov 16, 2018 10:48:56 AM org.apache.openejb.OpenEJB$Instance <init>
INFO: ********************************************************************************
Nov 16, 2018 10:48:56 AM org.apache.openejb.OpenEJB$Instance <init>
INFO: OpenEJB http://tomee.apache.org/
Nov 16, 2018 10:48:56 AM org.apache.openejb.OpenEJB$Instance <init>
INFO: Startup: Fri Nov 16 10:48:56 CAT 2018
Nov 16, 2018 10:48:56 AM org.apache.openejb.OpenEJB$Instance <init>
INFO: Copyright 1999-2015 (C) Apache OpenEJB/TomEE Project, All Rights Reserved.
Nov 16, 2018 10:48:56 AM org.apache.openejb.OpenEJB$Instance <init>
INFO: Version: 4.7.5
Nov 16, 2018 10:48:56 AM org.apache.openejb.OpenEJB$Instance <init>
INFO: Build date: 20170927
Nov 16, 2018 10:48:56 AM org.apache.openejb.OpenEJB$Instance <init>
INFO: Build time: 12:02
Nov 16, 2018 10:48:56 AM org.apache.openejb.OpenEJB$Instance <init>
INFO: ********************************************************************************
Nov 16, 2018 10:48:56 AM org.apache.openejb.OpenEJB$Instance <init>
INFO: openejb.home = C:\Users\brandon.naidoo\Documents\Applications\apache-maven-3.6.0-bin\apache-maven-3.6.0\bin\address-manager\application\target\apache-tomee
Nov 16, 2018 10:48:56 AM org.apache.openejb.OpenEJB$Instance <init>
INFO: openejb.base = C:\Users\brandon.naidoo\Documents\Applications\apache-maven-3.6.0-bin\apache-maven-3.6.0\bin\address-manager\application\target\apache-tomee
Nov 16, 2018 10:48:56 AM org.apache.openejb.cdi.CdiBuilder initializeOWB
INFO: Created new singletonService org.apache.openejb.cdi.ThreadSingletonServiceImpl@51b279c9
Nov 16, 2018 10:48:56 AM org.apache.openejb.cdi.CdiBuilder initializeOWB
INFO: Succeeded in installing singleton service
Nov 16, 2018 10:48:56 AM org.apache.openejb.config.ConfigurationFactory init
INFO: openejb configuration file is 'C:\Users\brandon.naidoo\Documents\Applications\apache-maven-3.6.0-bin\apache-maven-3.6.0\bin\address-manager\application\target\apache-tomee\conf\tomee.xml'
Nov 16, 2018 10:48:56 AM org.apache.openejb.config.ConfigurationFactory configureService
INFO: Configuring Service(id=Tomcat Security Service, type=SecurityService, provider-id=Tomcat Security Service)
Nov 16, 2018 10:48:56 AM org.apache.openejb.config.ConfigurationFactory configureService
INFO: Configuring Service(id=Default Transaction Manager, type=TransactionManager, provider-id=Default Transaction Manager)
Nov 16, 2018 10:48:56 AM org.apache.openejb.util.OptionsLog info
INFO: Using 'openejb.system.apps=false'
Nov 16, 2018 10:48:56 AM org.apache.openejb.util.OptionsLog info
INFO: Using 'openejb.deployments.classpath=false'
Nov 16, 2018 10:48:56 AM org.apache.openejb.assembler.classic.Assembler createRecipe
INFO: Creating TransactionManager(id=Default Transaction Manager)
Nov 16, 2018 10:48:56 AM org.apache.openejb.assembler.classic.Assembler createRecipe
INFO: Creating SecurityService(id=Tomcat Security Service)
Nov 16, 2018 10:48:57 AM org.apache.openejb.server.ServiceManager initServer
INFO: Creating ServerService(id=cxf-rs)
Nov 16, 2018 10:48:57 AM org.apache.openejb.server.SimpleServiceManager start
INFO:   ** Bound Services **
Nov 16, 2018 10:48:57 AM org.apache.openejb.server.SimpleServiceManager printRow
INFO:   NAME                 IP              PORT  
Nov 16, 2018 10:48:57 AM org.apache.openejb.server.SimpleServiceManager start
INFO: -------
Nov 16, 2018 10:48:57 AM org.apache.openejb.server.SimpleServiceManager start
INFO: Ready!
Nov 16, 2018 10:48:57 AM org.apache.catalina.startup.Catalina load
INFO: Initialization processed in 2278 ms
Nov 16, 2018 10:48:57 AM org.apache.tomee.catalina.OpenEJBNamingContextListener bindResource
INFO: Importing a Tomcat Resource with id 'UserDatabase' of type 'org.apache.catalina.UserDatabase'.
Nov 16, 2018 10:48:57 AM org.apache.openejb.assembler.classic.Assembler createRecipe
INFO: Creating Resource(id=UserDatabase)
Nov 16, 2018 10:48:57 AM org.apache.catalina.core.StandardService startInternal
INFO: Starting service Catalina
Nov 16, 2018 10:48:57 AM org.apache.catalina.core.StandardEngine startInternal
INFO: Starting Servlet Engine: Apache Tomcat (TomEE)/7.0.81 (1.7.5)
Nov 16, 2018 10:48:57 AM org.apache.catalina.startup.HostConfig deployWAR
INFO: Deploying web application archive C:\Users\brandon.naidoo\Documents\Applications\apache-maven-3.6.0-bin\apache-maven-3.6.0\bin\address-manager\application\target\apache-tomee\webapps\ROOT.war
Nov 16, 2018 10:48:57 AM org.apache.tomee.catalina.TomcatWebAppBuilder init
INFO: ------------------------- localhost -> /
Nov 16, 2018 10:48:57 AM org.apache.openejb.util.JarExtractor extract
INFO: Extracting jar: C:\Users\brandon.naidoo\Documents\Applications\apache-maven-3.6.0-bin\apache-maven-3.6.0\bin\address-manager\application\target\apache-tomee\webapps\ROOT.war
Nov 16, 2018 10:48:57 AM org.apache.openejb.util.JarExtractor extract
INFO: Extracted path: C:\Users\brandon.naidoo\Documents\Applications\apache-maven-3.6.0-bin\apache-maven-3.6.0\bin\address-manager\application\target\apache-tomee\webapps\ROOT
Nov 16, 2018 10:48:57 AM org.apache.openejb.util.OptionsLog info
INFO: Using 'openejb.session.manager=org.apache.tomee.catalina.session.QuickSessionManager'
Nov 16, 2018 10:48:59 AM org.apache.openejb.config.ConfigurationFactory configureApplication
INFO: Configuring enterprise application: C:\Users\brandon.naidoo\Documents\Applications\apache-maven-3.6.0-bin\apache-maven-3.6.0\bin\address-manager\application\target\apache-tomee\webapps\ROOT
Nov 16, 2018 10:49:00 AM org.apache.openejb.config.ConfigurationFactory configureService
INFO: Configuring Service(id=Default Managed Container, type=Container, provider-id=Default Managed Container)
Nov 16, 2018 10:49:00 AM org.apache.openejb.config.AutoConfig createContainer
INFO: Auto-creating a container for bean .Comp1104424906: Container(type=MANAGED, id=Default Managed Container)
Nov 16, 2018 10:49:00 AM org.apache.openejb.assembler.classic.Assembler createRecipe
INFO: Creating Container(id=Default Managed Container)
Nov 16, 2018 10:49:00 AM org.apache.openejb.core.managed.SimplePassivater init
INFO: Using directory C:\Users\brandon.naidoo\Documents\Applications\apache-maven-3.6.0-bin\apache-maven-3.6.0\bin\address-manager\application\target\apache-tomee\temp for stateful session passivation
Nov 16, 2018 10:49:00 AM org.apache.openejb.config.AppInfoBuilder build
INFO: Enterprise application "C:\Users\brandon.naidoo\Documents\Applications\apache-maven-3.6.0-bin\apache-maven-3.6.0\bin\address-manager\application\target\apache-tomee\webapps\ROOT" loaded.
Nov 16, 2018 10:49:00 AM org.apache.openejb.assembler.classic.Assembler createApplication
INFO: Assembling app: C:\Users\brandon.naidoo\Documents\Applications\apache-maven-3.6.0-bin\apache-maven-3.6.0\bin\address-manager\application\target\apache-tomee\webapps\ROOT
Nov 16, 2018 10:49:00 AM org.apache.openejb.cdi.CdiBuilder initSingleton
INFO: Existing thread singleton service in SystemInstance(): org.apache.openejb.cdi.ThreadSingletonServiceImpl@51b279c9
Nov 16, 2018 10:49:00 AM org.apache.openejb.cdi.OpenEJBLifecycle startApplication
INFO: OpenWebBeans Container is starting...
Nov 16, 2018 10:49:00 AM org.apache.webbeans.plugins.PluginLoader startUp
INFO: Adding OpenWebBeansPlugin : [CdiPlugin]
Nov 16, 2018 10:49:00 AM org.apache.webbeans.plugins.PluginLoader startUp
INFO: Adding OpenWebBeansPlugin : [OpenWebBeansJsfPlugin]
Nov 16, 2018 10:49:06 AM org.apache.webbeans.config.BeansDeployer deploySingleAnnotatedType
INFO: Skipping deployment of Class class com.sap.cloud.sdk.cloudplatform.auditlog.ScpCfAuditLogdue to a NoClassDefFoundError: com/sap/xs/audit/api/exception/AuditLogNotAvailableException
Nov 16, 2018 10:49:10 AM org.apache.webbeans.config.BeansDeployer validateInjectionPoints
INFO: All injection points were validated successfully.
Nov 16, 2018 10:49:10 AM org.apache.openejb.cdi.OpenEJBLifecycle startApplication
INFO: OpenWebBeans Container has started, it took 9971 ms.
Nov 16, 2018 10:49:10 AM org.apache.openejb.assembler.classic.Assembler createApplication
INFO: Deployed Application(path=C:\Users\brandon.naidoo\Documents\Applications\apache-maven-3.6.0-bin\apache-maven-3.6.0\bin\address-manager\application\target\apache-tomee\webapps\ROOT)
Nov 16, 2018 10:49:12 AM org.apache.catalina.startup.HostConfig deployWAR
INFO: Deployment of web application archive C:\Users\brandon.naidoo\Documents\Applications\apache-maven-3.6.0-bin\apache-maven-3.6.0\bin\address-manager\application\target\apache-tomee\webapps\ROOT.war has finished in 14,888 ms
Nov 16, 2018 10:49:12 AM org.apache.coyote.AbstractProtocol start
INFO: Starting ProtocolHandler ["http-bio-8080"]
Nov 16, 2018 10:49:12 AM org.apache.coyote.AbstractProtocol start
INFO: Starting ProtocolHandler ["ajp-bio-8009"]
Nov 16, 2018 10:49:12 AM org.apache.catalina.startup.Catalina start
INFO: Server startup in 15003 ms
Nov 16, 2018 10:49:12 AM org.apache.catalina.core.StandardServer await
SEVERE: StandardServer.await: create[localhost:8005]: 
java.net.BindException: Address already in use: JVM_Bind
	at java.net.DualStackPlainSocketImpl.bind0(Native Method)
	at java.net.DualStackPlainSocketImpl.socketBind(Unknown Source)
	at java.net.AbstractPlainSocketImpl.bind(Unknown Source)
	at java.net.PlainSocketImpl.bind(Unknown Source)
	at java.net.ServerSocket.bind(Unknown Source)
	at java.net.ServerSocket.<init>(Unknown Source)
	at org.apache.catalina.core.StandardServer.await(StandardServer.java:444)
	at org.apache.catalina.startup.Catalina.await(Catalina.java:782)
	at org.apache.catalina.startup.Catalina.start(Catalina.java:728)
	at sun.reflect.NativeMethodAccessorImpl.invoke0(Native Method)
	at sun.reflect.NativeMethodAccessorImpl.invoke(Unknown Source)
	at sun.reflect.DelegatingMethodAccessorImpl.invoke(Unknown Source)
	at java.lang.reflect.Method.invoke(Unknown Source)
	at org.apache.catalina.startup.Bootstrap.start(Bootstrap.java:294)
	at org.apache.catalina.startup.Bootstrap.main(Bootstrap.java:428)

Nov 16, 2018 10:49:12 AM org.apache.coyote.AbstractProtocol pause
INFO: Pausing ProtocolHandler ["http-bio-8080"]
Nov 16, 2018 10:49:12 AM org.apache.coyote.AbstractProtocol pause
INFO: Pausing ProtocolHandler ["ajp-bio-8009"]
Nov 16, 2018 10:49:12 AM org.apache.catalina.core.StandardService stopInternal
INFO: Stopping service Catalina
Nov 16, 2018 10:49:12 AM org.apache.openejb.assembler.classic.Assembler destroyApplication
INFO: Undeploying app: C:\Users\brandon.naidoo\Documents\Applications\apache-maven-3.6.0-bin\apache-maven-3.6.0\bin\address-manager\application\target\apache-tomee\webapps\ROOT
Nov 16, 2018 10:49:12 AM org.apache.openejb.util.OptionsLog info
INFO: Using 'openjpa.Log=org.apache.openejb.openjpa.JULOpenJPALogFactory'
Nov 16, 2018 10:49:12 AM org.apache.openejb.assembler.classic.Assembler destroyApplication
INFO: Undeployed app: C:\Users\brandon.naidoo\Documents\Applications\apache-maven-3.6.0-bin\apache-maven-3.6.0\bin\address-manager\application\target\apache-tomee\webapps\ROOT
Nov 16, 2018 10:49:12 AM org.apache.catalina.loader.WebappClassLoaderBase checkThreadLocalMapForLeaks
SEVERE: The web application [] created a ThreadLocal with key of type [com.netflix.hystrix.Hystrix$1] (value [com.netflix.hystrix.Hystrix$1@74af7d96]) and a value of type [com.netflix.hystrix.Hystrix.ConcurrentStack] (value [com.netflix.hystrix.Hystrix$ConcurrentStack@34f16f61]) but failed to remove it when the web application was stopped. Threads are going to be renewed over time to try and avoid a probable memory leak.
Nov 16, 2018 10:49:12 AM org.apache.coyote.AbstractProtocol stop
INFO: Stopping ProtocolHandler ["http-bio-8080"]
Nov 16, 2018 10:49:12 AM org.apache.coyote.AbstractProtocol stop
INFO: Stopping ProtocolHandler ["ajp-bio-8009"]
Nov 16, 2018 10:49:12 AM org.apache.openejb.server.SimpleServiceManager stop
INFO: Stopping server services
Nov 16, 2018 10:49:12 AM org.apache.coyote.AbstractProtocol destroy
INFO: Destroying ProtocolHandler ["http-bio-8080"]
Nov 16, 2018 10:49:12 AM org.apache.coyote.AbstractProtocol destroy
INFO: Destroying ProtocolHandler ["ajp-bio-8009"]
